  ThreeBodyMain.cpp
C:\c++_programs\Three-Body-Problem-2D-Collab\Three-Body-Problem-2D-Collab\Calculations.h(61,55): warning C4244: '+=': conversion from 'double' to 'float', possible loss of data
  (compiling source file 'ThreeBodyMain.cpp')
  
C:\c++_programs\Three-Body-Problem-2D-Collab\Three-Body-Problem-2D-Collab\Calculations.h(62,55): warning C4244: '+=': conversion from 'double' to 'float', possible loss of data
  (compiling source file 'ThreeBodyMain.cpp')
  
C:\c++_programs\Three-Body-Problem-2D-Collab\Three-Body-Problem-2D-Collab\Calculations.h(65,66): warning C4244: '+=': conversion from 'float' to 'int', possible loss of data
  (compiling source file 'ThreeBodyMain.cpp')
  
C:\c++_programs\Three-Body-Problem-2D-Collab\Three-Body-Problem-2D-Collab\Calculations.h(66,66): warning C4244: '+=': conversion from 'float' to 'int', possible loss of data
  (compiling source file 'ThreeBodyMain.cpp')
  
C:\c++_programs\Three-Body-Problem-2D-Collab\Three-Body-Problem-2D-Collab\ThreeBodyMain.cpp(216,12): warning C4244: 'initializing': conversion from 'LONG_PTR' to 'int', possible loss of data
C:\c++_programs\Three-Body-Problem-2D-Collab\Three-Body-Problem-2D-Collab\ThreeBodyMain.cpp(362,20): warning C4244: '=': conversion from 'float' to 'int', possible loss of data
C:\c++_programs\Three-Body-Problem-2D-Collab\Three-Body-Problem-2D-Collab\ThreeBodyMain.cpp(364,26): warning C4244: '=': conversion from 'float' to 'int', possible loss of data
C:\c++_programs\Three-Body-Problem-2D-Collab\Three-Body-Problem-2D-Collab\ThreeBodyMain.cpp(366,27): warning C4244: 'argument': conversion from 'float' to 'int', possible loss of data
C:\c++_programs\Three-Body-Problem-2D-Collab\Three-Body-Problem-2D-Collab\ThreeBodyMain.cpp(418,62): warning C4312: 'type cast': conversion from 'int' to 'HMENU' of greater size
C:\c++_programs\Three-Body-Problem-2D-Collab\Three-Body-Problem-2D-Collab\ThreeBodyMain.cpp(420,67): warning C4312: 'type cast': conversion from 'int' to 'HMENU' of greater size
C:\c++_programs\Three-Body-Problem-2D-Collab\Three-Body-Problem-2D-Collab\ThreeBodyMain.cpp(422,67): warning C4312: 'type cast': conversion from 'int' to 'HMENU' of greater size
C:\c++_programs\Three-Body-Problem-2D-Collab\Three-Body-Problem-2D-Collab\ThreeBodyMain.cpp(424,68): warning C4312: 'type cast': conversion from 'int' to 'HMENU' of greater size
C:\c++_programs\Three-Body-Problem-2D-Collab\Three-Body-Problem-2D-Collab\ThreeBodyMain.cpp(426,68): warning C4312: 'type cast': conversion from 'int' to 'HMENU' of greater size
C:\c++_programs\Three-Body-Problem-2D-Collab\Three-Body-Problem-2D-Collab\ThreeBodyMain.cpp(427,25): warning C4312: 'type cast': conversion from 'int' to 'HMENU' of greater size
C:\c++_programs\Three-Body-Problem-2D-Collab\Three-Body-Problem-2D-Collab\ThreeBodyMain.cpp(429,29): warning C4312: 'type cast': conversion from 'int' to 'HMENU' of greater size
C:\c++_programs\Three-Body-Problem-2D-Collab\Three-Body-Problem-2D-Collab\ThreeBodyMain.cpp(431,29): warning C4312: 'type cast': conversion from 'int' to 'HMENU' of greater size
C:\c++_programs\Three-Body-Problem-2D-Collab\Three-Body-Problem-2D-Collab\ThreeBodyMain.cpp(433,29): warning C4312: 'type cast': conversion from 'int' to 'HMENU' of greater size
C:\c++_programs\Three-Body-Problem-2D-Collab\Three-Body-Problem-2D-Collab\ThreeBodyMain.cpp(435,29): warning C4312: 'type cast': conversion from 'int' to 'HMENU' of greater size
C:\c++_programs\Three-Body-Problem-2D-Collab\Three-Body-Problem-2D-Collab\ThreeBodyMain.cpp(500,8): warning C4101: 'szBufMass': unreferenced local variable
C:\c++_programs\Three-Body-Problem-2D-Collab\Three-Body-Problem-2D-Collab\ThreeBodyMain.cpp(498,8): warning C4101: 'szBufXVel': unreferenced local variable
C:\c++_programs\Three-Body-Problem-2D-Collab\Three-Body-Problem-2D-Collab\ThreeBodyMain.cpp(499,8): warning C4101: 'szBufYVel': unreferenced local variable
C:\c++_programs\Three-Body-Problem-2D-Collab\Three-Body-Problem-2D-Collab\ThreeBodyMain.cpp(497,8): warning C4101: 'szBufYPos': unreferenced local variable
  Three-Body-Problem-2D-Collab.vcxproj -> C:\c++_programs\Three-Body-Problem-2D-Collab\Three-Body-Problem-2D-Collab\x64\Debug\Three-Body-Problem-2D-Collab.exe
